<?xml version="1.0" encoding="UTF-8"?>
<testsuite xmlns:xsi="http://www.w3.org/2001/XMLSchema-instance" xsi:noNamespaceSchemaLocation="https://maven.apache.org/surefire/maven-surefire-plugin/xsd/surefire-test-report-3.0.xsd" version="3.0" name="com.digitalhouse.backend.integrador.clinicaOdontologica.OdontologoServiceTest" time="2.694" tests="3" errors="0" skipped="0" failures="0">
  <properties>
    <property name="java.specification.version" value="19"/>
    <property name="sun.cpu.isalist" value="amd64"/>
    <property name="sun.jnu.encoding" value="Cp1252"/>
    <property name="java.class.path" value="C:\Users\jualm\Desktop\MARTINUCCI_LUISINA-MACHADO_JUAN\clinicaOdontologica\target\test-classes;C:\Users\jualm\Desktop\MARTINUCCI_LUISINA-MACHADO_JUAN\clinicaOdontologica\target\classes;C:\Users\jualm\.m2\repository\org\springframework\boot\spring-boot-starter-data-jpa\2.7.14\spring-boot-starter-data-jpa-2.7.14.jar;C:\Users\jualm\.m2\repository\org\springframework\boot\spring-boot-starter-aop\2.7.14\spring-boot-starter-aop-2.7.14.jar;C:\Users\jualm\.m2\repository\org\springframework\spring-aop\5.3.29\spring-aop-5.3.29.jar;C:\Users\jualm\.m2\repository\org\aspectj\aspectjweaver\1.9.7\aspectjweaver-1.9.7.jar;C:\Users\jualm\.m2\repository\org\springframework\boot\spring-boot-starter-jdbc\2.7.14\spring-boot-starter-jdbc-2.7.14.jar;C:\Users\jualm\.m2\repository\com\zaxxer\HikariCP\4.0.3\HikariCP-4.0.3.jar;C:\Users\jualm\.m2\repository\org\springframework\spring-jdbc\5.3.29\spring-jdbc-5.3.29.jar;C:\Users\jualm\.m2\repository\jakarta\transaction\jakarta.transaction-api\1.3.3\jakarta.transaction-api-1.3.3.jar;C:\Users\jualm\.m2\repository\jakarta\persistence\jakarta.persistence-api\2.2.3\jakarta.persistence-api-2.2.3.jar;C:\Users\jualm\.m2\repository\org\hibernate\hibernate-core\5.6.15.Final\hibernate-core-5.6.15.Final.jar;C:\Users\jualm\.m2\repository\org\jboss\logging\jboss-logging\3.4.3.Final\jboss-logging-3.4.3.Final.jar;C:\Users\jualm\.m2\repository\net\bytebuddy\byte-buddy\1.12.23\byte-buddy-1.12.23.jar;C:\Users\jualm\.m2\repository\antlr\antlr\2.7.7\antlr-2.7.7.jar;C:\Users\jualm\.m2\repository\org\jboss\jandex\2.4.2.Final\jandex-2.4.2.Final.jar;C:\Users\jualm\.m2\repository\com\fasterxml\classmate\1.5.1\classmate-1.5.1.jar;C:\Users\jualm\.m2\repository\org\hibernate\common\hibernate-commons-annotations\5.1.2.Final\hibernate-commons-annotations-5.1.2.Final.jar;C:\Users\jualm\.m2\repository\org\glassfish\jaxb\jaxb-runtime\2.3.8\jaxb-runtime-2.3.8.jar;C:\Users\jualm\.m2\repository\org\glassfish\jaxb\txw2\2.3.8\txw2-2.3.8.jar;C:\Users\jualm\.m2\repository\com\sun\istack\istack-commons-runtime\3.0.12\istack-commons-runtime-3.0.12.jar;C:\Users\jualm\.m2\repository\com\sun\activation\jakarta.activation\1.2.2\jakarta.activation-1.2.2.jar;C:\Users\jualm\.m2\repository\org\springframework\data\spring-data-jpa\2.7.14\spring-data-jpa-2.7.14.jar;C:\Users\jualm\.m2\repository\org\springframework\data\spring-data-commons\2.7.14\spring-data-commons-2.7.14.jar;C:\Users\jualm\.m2\repository\org\springframework\spring-orm\5.3.29\spring-orm-5.3.29.jar;C:\Users\jualm\.m2\repository\org\springframework\spring-context\5.3.29\spring-context-5.3.29.jar;C:\Users\jualm\.m2\repository\org\springframework\spring-tx\5.3.29\spring-tx-5.3.29.jar;C:\Users\jualm\.m2\repository\org\springframework\spring-beans\5.3.29\spring-beans-5.3.29.jar;C:\Users\jualm\.m2\repository\org\springframework\spring-aspects\5.3.29\spring-aspects-5.3.29.jar;C:\Users\jualm\.m2\repository\org\springframework\boot\spring-boot-starter-web\2.7.14\spring-boot-starter-web-2.7.14.jar;C:\Users\jualm\.m2\repository\org\springframework\boot\spring-boot-starter\2.7.14\spring-boot-starter-2.7.14.jar;C:\Users\jualm\.m2\repository\org\springframework\boot\spring-boot\2.7.14\spring-boot-2.7.14.jar;C:\Users\jualm\.m2\repository\org\springframework\boot\spring-boot-autoconfigure\2.7.14\spring-boot-autoconfigure-2.7.14.jar;C:\Users\jualm\.m2\repository\jakarta\annotation\jakarta.annotation-api\1.3.5\jakarta.annotation-api-1.3.5.jar;C:\Users\jualm\.m2\repository\org\yaml\snakeyaml\1.30\snakeyaml-1.30.jar;C:\Users\jualm\.m2\repository\org\springframework\boot\spring-boot-starter-json\2.7.14\spring-boot-starter-json-2.7.14.jar;C:\Users\jualm\.m2\repository\com\fasterxml\jackson\core\jackson-databind\2.13.5\jackson-databind-2.13.5.jar;C:\Users\jualm\.m2\repository\com\fasterxml\jackson\core\jackson-annotations\2.13.5\jackson-annotations-2.13.5.jar;C:\Users\jualm\.m2\repository\com\fasterxml\jackson\core\jackson-core\2.13.5\jackson-core-2.13.5.jar;C:\Users\jualm\.m2\repository\com\fasterxml\jackson\datatype\jackson-datatype-jdk8\2.13.5\jackson-datatype-jdk8-2.13.5.jar;C:\Users\jualm\.m2\repository\com\fasterxml\jackson\datatype\jackson-datatype-jsr310\2.13.5\jackson-datatype-jsr310-2.13.5.jar;C:\Users\jualm\.m2\repository\com\fasterxml\jackson\module\jackson-module-parameter-names\2.13.5\jackson-module-parameter-names-2.13.5.jar;C:\Users\jualm\.m2\repository\org\springframework\boot\spring-boot-starter-tomcat\2.7.14\spring-boot-starter-tomcat-2.7.14.jar;C:\Users\jualm\.m2\repository\org\apache\tomcat\embed\tomcat-embed-core\9.0.78\tomcat-embed-core-9.0.78.jar;C:\Users\jualm\.m2\repository\org\apache\tomcat\embed\tomcat-embed-websocket\9.0.78\tomcat-embed-websocket-9.0.78.jar;C:\Users\jualm\.m2\repository\org\springframework\spring-web\5.3.29\spring-web-5.3.29.jar;C:\Users\jualm\.m2\repository\org\springframework\spring-webmvc\5.3.29\spring-webmvc-5.3.29.jar;C:\Users\jualm\.m2\repository\org\springframework\spring-expression\5.3.29\spring-expression-5.3.29.jar;C:\Users\jualm\.m2\repository\org\springframework\boot\spring-boot-starter-test\2.7.14\spring-boot-starter-test-2.7.14.jar;C:\Users\jualm\.m2\repository\org\springframework\boot\spring-boot-test\2.7.14\spring-boot-test-2.7.14.jar;C:\Users\jualm\.m2\repository\org\springframework\boot\spring-boot-test-autoconfigure\2.7.14\spring-boot-test-autoconfigure-2.7.14.jar;C:\Users\jualm\.m2\repository\com\jayway\jsonpath\json-path\2.7.0\json-path-2.7.0.jar;C:\Users\jualm\.m2\repository\net\minidev\json-smart\2.4.11\json-smart-2.4.11.jar;C:\Users\jualm\.m2\repository\net\minidev\accessors-smart\2.4.11\accessors-smart-2.4.11.jar;C:\Users\jualm\.m2\repository\org\ow2\asm\asm\9.3\asm-9.3.jar;C:\Users\jualm\.m2\repository\jakarta\xml\bind\jakarta.xml.bind-api\2.3.3\jakarta.xml.bind-api-2.3.3.jar;C:\Users\jualm\.m2\repository\jakarta\activation\jakarta.activation-api\1.2.2\jakarta.activation-api-1.2.2.jar;C:\Users\jualm\.m2\repository\org\assertj\assertj-core\3.22.0\assertj-core-3.22.0.jar;C:\Users\jualm\.m2\repository\org\hamcrest\hamcrest\2.2\hamcrest-2.2.jar;C:\Users\jualm\.m2\repository\org\junit\jupiter\junit-jupiter\5.8.2\junit-jupiter-5.8.2.jar;C:\Users\jualm\.m2\repository\org\junit\jupiter\junit-jupiter-api\5.8.2\junit-jupiter-api-5.8.2.jar;C:\Users\jualm\.m2\repository\org\opentest4j\opentest4j\1.2.0\opentest4j-1.2.0.jar;C:\Users\jualm\.m2\repository\org\junit\platform\junit-platform-commons\1.8.2\junit-platform-commons-1.8.2.jar;C:\Users\jualm\.m2\repository\org\apiguardian\apiguardian-api\1.1.2\apiguardian-api-1.1.2.jar;C:\Users\jualm\.m2\repository\org\junit\jupiter\junit-jupiter-params\5.8.2\junit-jupiter-params-5.8.2.jar;C:\Users\jualm\.m2\repository\org\junit\jupiter\junit-jupiter-engine\5.8.2\junit-jupiter-engine-5.8.2.jar;C:\Users\jualm\.m2\repository\org\junit\platform\junit-platform-engine\1.8.2\junit-platform-engine-1.8.2.jar;C:\Users\jualm\.m2\repository\org\mockito\mockito-core\4.5.1\mockito-core-4.5.1.jar;C:\Users\jualm\.m2\repository\net\bytebuddy\byte-buddy-agent\1.12.23\byte-buddy-agent-1.12.23.jar;C:\Users\jualm\.m2\repository\org\objenesis\objenesis\3.2\objenesis-3.2.jar;C:\Users\jualm\.m2\repository\org\mockito\mockito-junit-jupiter\4.5.1\mockito-junit-jupiter-4.5.1.jar;C:\Users\jualm\.m2\repository\org\skyscreamer\jsonassert\1.5.1\jsonassert-1.5.1.jar;C:\Users\jualm\.m2\repository\com\vaadin\external\google\android-json\0.0.20131108.vaadin1\android-json-0.0.20131108.vaadin1.jar;C:\Users\jualm\.m2\repository\org\springframework\spring-core\5.3.29\spring-core-5.3.29.jar;C:\Users\jualm\.m2\repository\org\springframework\spring-jcl\5.3.29\spring-jcl-5.3.29.jar;C:\Users\jualm\.m2\repository\org\springframework\spring-test\5.3.29\spring-test-5.3.29.jar;C:\Users\jualm\.m2\repository\org\xmlunit\xmlunit-core\2.9.1\xmlunit-core-2.9.1.jar;C:\Users\jualm\.m2\repository\org\springframework\boot\spring-boot-starter-logging\2.7.14\spring-boot-starter-logging-2.7.14.jar;C:\Users\jualm\.m2\repository\org\apache\logging\log4j\log4j-to-slf4j\2.17.2\log4j-to-slf4j-2.17.2.jar;C:\Users\jualm\.m2\repository\org\apache\logging\log4j\log4j-api\2.17.2\log4j-api-2.17.2.jar;C:\Users\jualm\.m2\repository\org\slf4j\jul-to-slf4j\1.7.36\jul-to-slf4j-1.7.36.jar;C:\Users\jualm\.m2\repository\ch\qos\logback\logback-classic\1.2.12\logback-classic-1.2.12.jar;C:\Users\jualm\.m2\repository\ch\qos\logback\logback-core\1.2.12\logback-core-1.2.12.jar;C:\Users\jualm\.m2\repository\org\slf4j\slf4j-api\1.7.36\slf4j-api-1.7.36.jar;C:\Users\jualm\.m2\repository\com\h2database\h2\2.1.214\h2-2.1.214.jar;C:\Users\jualm\.m2\repository\org\springframework\boot\spring-boot-starter-validation\2.7.14\spring-boot-starter-validation-2.7.14.jar;C:\Users\jualm\.m2\repository\org\apache\tomcat\embed\tomcat-embed-el\9.0.78\tomcat-embed-el-9.0.78.jar;C:\Users\jualm\.m2\repository\org\hibernate\validator\hibernate-validator\6.2.5.Final\hibernate-validator-6.2.5.Final.jar;C:\Users\jualm\.m2\repository\jakarta\validation\jakarta.validation-api\2.0.2\jakarta.validation-api-2.0.2.jar;C:\Users\jualm\.m2\repository\org\modelmapper\modelmapper\2.4.4\modelmapper-2.4.4.jar;C:\Users\jualm\.m2\repository\org\springdoc\springdoc-openapi-ui\1.7.0\springdoc-openapi-ui-1.7.0.jar;C:\Users\jualm\.m2\repository\org\springdoc\springdoc-openapi-webmvc-core\1.7.0\springdoc-openapi-webmvc-core-1.7.0.jar;C:\Users\jualm\.m2\repository\org\springdoc\springdoc-openapi-common\1.7.0\springdoc-openapi-common-1.7.0.jar;C:\Users\jualm\.m2\repository\io\swagger\core\v3\swagger-core\2.2.9\swagger-core-2.2.9.jar;C:\Users\jualm\.m2\repository\org\apache\commons\commons-lang3\3.12.0\commons-lang3-3.12.0.jar;C:\Users\jualm\.m2\repository\com\fasterxml\jackson\dataformat\jackson-dataformat-yaml\2.13.5\jackson-dataformat-yaml-2.13.5.jar;C:\Users\jualm\.m2\repository\io\swagger\core\v3\swagger-annotations\2.2.9\swagger-annotations-2.2.9.jar;C:\Users\jualm\.m2\repository\io\swagger\core\v3\swagger-models\2.2.9\swagger-models-2.2.9.jar;C:\Users\jualm\.m2\repository\org\webjars\swagger-ui\4.18.2\swagger-ui-4.18.2.jar;"/>
    <property name="java.vm.vendor" value="Oracle Corporation"/>
    <property name="sun.arch.data.model" value="64"/>
    <property name="user.variant" value=""/>
    <property name="java.vendor.url" value="https://java.oracle.com/"/>
    <property name="user.timezone" value="America/Buenos_Aires"/>
    <property name="os.name" value="Windows 11"/>
    <property name="java.vm.specification.version" value="19"/>
    <property name="sun.java.launcher" value="SUN_STANDARD"/>
    <property name="user.country" value="AR"/>
    <property name="sun.boot.library.path" value="C:\Users\jualm\.jdks\openjdk-19.0.2-1\bin"/>
    <property name="sun.java.command" value="C:\Users\jualm\AppData\Local\Temp\surefire1759490922245170799\surefirebooter90345647959985735.jar C:\Users\jualm\AppData\Local\Temp\surefire1759490922245170799 2023-09-14T19-23-43_538-jvmRun1 surefire15598222898186283936tmp surefire_09493173030293685236tmp"/>
    <property name="jdk.debug" value="release"/>
    <property name="surefire.test.class.path" value="C:\Users\jualm\Desktop\MARTINUCCI_LUISINA-MACHADO_JUAN\clinicaOdontologica\target\test-classes;C:\Users\jualm\Desktop\MARTINUCCI_LUISINA-MACHADO_JUAN\clinicaOdontologica\target\classes;C:\Users\jualm\.m2\repository\org\springframework\boot\spring-boot-starter-data-jpa\2.7.14\spring-boot-starter-data-jpa-2.7.14.jar;C:\Users\jualm\.m2\repository\org\springframework\boot\spring-boot-starter-aop\2.7.14\spring-boot-starter-aop-2.7.14.jar;C:\Users\jualm\.m2\repository\org\springframework\spring-aop\5.3.29\spring-aop-5.3.29.jar;C:\Users\jualm\.m2\repository\org\aspectj\aspectjweaver\1.9.7\aspectjweaver-1.9.7.jar;C:\Users\jualm\.m2\repository\org\springframework\boot\spring-boot-starter-jdbc\2.7.14\spring-boot-starter-jdbc-2.7.14.jar;C:\Users\jualm\.m2\repository\com\zaxxer\HikariCP\4.0.3\HikariCP-4.0.3.jar;C:\Users\jualm\.m2\repository\org\springframework\spring-jdbc\5.3.29\spring-jdbc-5.3.29.jar;C:\Users\jualm\.m2\repository\jakarta\transaction\jakarta.transaction-api\1.3.3\jakarta.transaction-api-1.3.3.jar;C:\Users\jualm\.m2\repository\jakarta\persistence\jakarta.persistence-api\2.2.3\jakarta.persistence-api-2.2.3.jar;C:\Users\jualm\.m2\repository\org\hibernate\hibernate-core\5.6.15.Final\hibernate-core-5.6.15.Final.jar;C:\Users\jualm\.m2\repository\org\jboss\logging\jboss-logging\3.4.3.Final\jboss-logging-3.4.3.Final.jar;C:\Users\jualm\.m2\repository\net\bytebuddy\byte-buddy\1.12.23\byte-buddy-1.12.23.jar;C:\Users\jualm\.m2\repository\antlr\antlr\2.7.7\antlr-2.7.7.jar;C:\Users\jualm\.m2\repository\org\jboss\jandex\2.4.2.Final\jandex-2.4.2.Final.jar;C:\Users\jualm\.m2\repository\com\fasterxml\classmate\1.5.1\classmate-1.5.1.jar;C:\Users\jualm\.m2\repository\org\hibernate\common\hibernate-commons-annotations\5.1.2.Final\hibernate-commons-annotations-5.1.2.Final.jar;C:\Users\jualm\.m2\repository\org\glassfish\jaxb\jaxb-runtime\2.3.8\jaxb-runtime-2.3.8.jar;C:\Users\jualm\.m2\repository\org\glassfish\jaxb\txw2\2.3.8\txw2-2.3.8.jar;C:\Users\jualm\.m2\repository\com\sun\istack\istack-commons-runtime\3.0.12\istack-commons-runtime-3.0.12.jar;C:\Users\jualm\.m2\repository\com\sun\activation\jakarta.activation\1.2.2\jakarta.activation-1.2.2.jar;C:\Users\jualm\.m2\repository\org\springframework\data\spring-data-jpa\2.7.14\spring-data-jpa-2.7.14.jar;C:\Users\jualm\.m2\repository\org\springframework\data\spring-data-commons\2.7.14\spring-data-commons-2.7.14.jar;C:\Users\jualm\.m2\repository\org\springframework\spring-orm\5.3.29\spring-orm-5.3.29.jar;C:\Users\jualm\.m2\repository\org\springframework\spring-context\5.3.29\spring-context-5.3.29.jar;C:\Users\jualm\.m2\repository\org\springframework\spring-tx\5.3.29\spring-tx-5.3.29.jar;C:\Users\jualm\.m2\repository\org\springframework\spring-beans\5.3.29\spring-beans-5.3.29.jar;C:\Users\jualm\.m2\repository\org\springframework\spring-aspects\5.3.29\spring-aspects-5.3.29.jar;C:\Users\jualm\.m2\repository\org\springframework\boot\spring-boot-starter-web\2.7.14\spring-boot-starter-web-2.7.14.jar;C:\Users\jualm\.m2\repository\org\springframework\boot\spring-boot-starter\2.7.14\spring-boot-starter-2.7.14.jar;C:\Users\jualm\.m2\repository\org\springframework\boot\spring-boot\2.7.14\spring-boot-2.7.14.jar;C:\Users\jualm\.m2\repository\org\springframework\boot\spring-boot-autoconfigure\2.7.14\spring-boot-autoconfigure-2.7.14.jar;C:\Users\jualm\.m2\repository\jakarta\annotation\jakarta.annotation-api\1.3.5\jakarta.annotation-api-1.3.5.jar;C:\Users\jualm\.m2\repository\org\yaml\snakeyaml\1.30\snakeyaml-1.30.jar;C:\Users\jualm\.m2\repository\org\springframework\boot\spring-boot-starter-json\2.7.14\spring-boot-starter-json-2.7.14.jar;C:\Users\jualm\.m2\repository\com\fasterxml\jackson\core\jackson-databind\2.13.5\jackson-databind-2.13.5.jar;C:\Users\jualm\.m2\repository\com\fasterxml\jackson\core\jackson-annotations\2.13.5\jackson-annotations-2.13.5.jar;C:\Users\jualm\.m2\repository\com\fasterxml\jackson\core\jackson-core\2.13.5\jackson-core-2.13.5.jar;C:\Users\jualm\.m2\repository\com\fasterxml\jackson\datatype\jackson-datatype-jdk8\2.13.5\jackson-datatype-jdk8-2.13.5.jar;C:\Users\jualm\.m2\repository\com\fasterxml\jackson\datatype\jackson-datatype-jsr310\2.13.5\jackson-datatype-jsr310-2.13.5.jar;C:\Users\jualm\.m2\repository\com\fasterxml\jackson\module\jackson-module-parameter-names\2.13.5\jackson-module-parameter-names-2.13.5.jar;C:\Users\jualm\.m2\repository\org\springframework\boot\spring-boot-starter-tomcat\2.7.14\spring-boot-starter-tomcat-2.7.14.jar;C:\Users\jualm\.m2\repository\org\apache\tomcat\embed\tomcat-embed-core\9.0.78\tomcat-embed-core-9.0.78.jar;C:\Users\jualm\.m2\repository\org\apache\tomcat\embed\tomcat-embed-websocket\9.0.78\tomcat-embed-websocket-9.0.78.jar;C:\Users\jualm\.m2\repository\org\springframework\spring-web\5.3.29\spring-web-5.3.29.jar;C:\Users\jualm\.m2\repository\org\springframework\spring-webmvc\5.3.29\spring-webmvc-5.3.29.jar;C:\Users\jualm\.m2\repository\org\springframework\spring-expression\5.3.29\spring-expression-5.3.29.jar;C:\Users\jualm\.m2\repository\org\springframework\boot\spring-boot-starter-test\2.7.14\spring-boot-starter-test-2.7.14.jar;C:\Users\jualm\.m2\repository\org\springframework\boot\spring-boot-test\2.7.14\spring-boot-test-2.7.14.jar;C:\Users\jualm\.m2\repository\org\springframework\boot\spring-boot-test-autoconfigure\2.7.14\spring-boot-test-autoconfigure-2.7.14.jar;C:\Users\jualm\.m2\repository\com\jayway\jsonpath\json-path\2.7.0\json-path-2.7.0.jar;C:\Users\jualm\.m2\repository\net\minidev\json-smart\2.4.11\json-smart-2.4.11.jar;C:\Users\jualm\.m2\repository\net\minidev\accessors-smart\2.4.11\accessors-smart-2.4.11.jar;C:\Users\jualm\.m2\repository\org\ow2\asm\asm\9.3\asm-9.3.jar;C:\Users\jualm\.m2\repository\jakarta\xml\bind\jakarta.xml.bind-api\2.3.3\jakarta.xml.bind-api-2.3.3.jar;C:\Users\jualm\.m2\repository\jakarta\activation\jakarta.activation-api\1.2.2\jakarta.activation-api-1.2.2.jar;C:\Users\jualm\.m2\repository\org\assertj\assertj-core\3.22.0\assertj-core-3.22.0.jar;C:\Users\jualm\.m2\repository\org\hamcrest\hamcrest\2.2\hamcrest-2.2.jar;C:\Users\jualm\.m2\repository\org\junit\jupiter\junit-jupiter\5.8.2\junit-jupiter-5.8.2.jar;C:\Users\jualm\.m2\repository\org\junit\jupiter\junit-jupiter-api\5.8.2\junit-jupiter-api-5.8.2.jar;C:\Users\jualm\.m2\repository\org\opentest4j\opentest4j\1.2.0\opentest4j-1.2.0.jar;C:\Users\jualm\.m2\repository\org\junit\platform\junit-platform-commons\1.8.2\junit-platform-commons-1.8.2.jar;C:\Users\jualm\.m2\repository\org\apiguardian\apiguardian-api\1.1.2\apiguardian-api-1.1.2.jar;C:\Users\jualm\.m2\repository\org\junit\jupiter\junit-jupiter-params\5.8.2\junit-jupiter-params-5.8.2.jar;C:\Users\jualm\.m2\repository\org\junit\jupiter\junit-jupiter-engine\5.8.2\junit-jupiter-engine-5.8.2.jar;C:\Users\jualm\.m2\repository\org\junit\platform\junit-platform-engine\1.8.2\junit-platform-engine-1.8.2.jar;C:\Users\jualm\.m2\repository\org\mockito\mockito-core\4.5.1\mockito-core-4.5.1.jar;C:\Users\jualm\.m2\repository\net\bytebuddy\byte-buddy-agent\1.12.23\byte-buddy-agent-1.12.23.jar;C:\Users\jualm\.m2\repository\org\objenesis\objenesis\3.2\objenesis-3.2.jar;C:\Users\jualm\.m2\repository\org\mockito\mockito-junit-jupiter\4.5.1\mockito-junit-jupiter-4.5.1.jar;C:\Users\jualm\.m2\repository\org\skyscreamer\jsonassert\1.5.1\jsonassert-1.5.1.jar;C:\Users\jualm\.m2\repository\com\vaadin\external\google\android-json\0.0.20131108.vaadin1\android-json-0.0.20131108.vaadin1.jar;C:\Users\jualm\.m2\repository\org\springframework\spring-core\5.3.29\spring-core-5.3.29.jar;C:\Users\jualm\.m2\repository\org\springframework\spring-jcl\5.3.29\spring-jcl-5.3.29.jar;C:\Users\jualm\.m2\repository\org\springframework\spring-test\5.3.29\spring-test-5.3.29.jar;C:\Users\jualm\.m2\repository\org\xmlunit\xmlunit-core\2.9.1\xmlunit-core-2.9.1.jar;C:\Users\jualm\.m2\repository\org\springframework\boot\spring-boot-starter-logging\2.7.14\spring-boot-starter-logging-2.7.14.jar;C:\Users\jualm\.m2\repository\org\apache\logging\log4j\log4j-to-slf4j\2.17.2\log4j-to-slf4j-2.17.2.jar;C:\Users\jualm\.m2\repository\org\apache\logging\log4j\log4j-api\2.17.2\log4j-api-2.17.2.jar;C:\Users\jualm\.m2\repository\org\slf4j\jul-to-slf4j\1.7.36\jul-to-slf4j-1.7.36.jar;C:\Users\jualm\.m2\repository\ch\qos\logback\logback-classic\1.2.12\logback-classic-1.2.12.jar;C:\Users\jualm\.m2\repository\ch\qos\logback\logback-core\1.2.12\logback-core-1.2.12.jar;C:\Users\jualm\.m2\repository\org\slf4j\slf4j-api\1.7.36\slf4j-api-1.7.36.jar;C:\Users\jualm\.m2\repository\com\h2database\h2\2.1.214\h2-2.1.214.jar;C:\Users\jualm\.m2\repository\org\springframework\boot\spring-boot-starter-validation\2.7.14\spring-boot-starter-validation-2.7.14.jar;C:\Users\jualm\.m2\repository\org\apache\tomcat\embed\tomcat-embed-el\9.0.78\tomcat-embed-el-9.0.78.jar;C:\Users\jualm\.m2\repository\org\hibernate\validator\hibernate-validator\6.2.5.Final\hibernate-validator-6.2.5.Final.jar;C:\Users\jualm\.m2\repository\jakarta\validation\jakarta.validation-api\2.0.2\jakarta.validation-api-2.0.2.jar;C:\Users\jualm\.m2\repository\org\modelmapper\modelmapper\2.4.4\modelmapper-2.4.4.jar;C:\Users\jualm\.m2\repository\org\springdoc\springdoc-openapi-ui\1.7.0\springdoc-openapi-ui-1.7.0.jar;C:\Users\jualm\.m2\repository\org\springdoc\springdoc-openapi-webmvc-core\1.7.0\springdoc-openapi-webmvc-core-1.7.0.jar;C:\Users\jualm\.m2\repository\org\springdoc\springdoc-openapi-common\1.7.0\springdoc-openapi-common-1.7.0.jar;C:\Users\jualm\.m2\repository\io\swagger\core\v3\swagger-core\2.2.9\swagger-core-2.2.9.jar;C:\Users\jualm\.m2\repository\org\apache\commons\commons-lang3\3.12.0\commons-lang3-3.12.0.jar;C:\Users\jualm\.m2\repository\com\fasterxml\jackson\dataformat\jackson-dataformat-yaml\2.13.5\jackson-dataformat-yaml-2.13.5.jar;C:\Users\jualm\.m2\repository\io\swagger\core\v3\swagger-annotations\2.2.9\swagger-annotations-2.2.9.jar;C:\Users\jualm\.m2\repository\io\swagger\core\v3\swagger-models\2.2.9\swagger-models-2.2.9.jar;C:\Users\jualm\.m2\repository\org\webjars\swagger-ui\4.18.2\swagger-ui-4.18.2.jar;"/>
    <property name="sun.cpu.endian" value="little"/>
    <property name="user.home" value="C:\Users\jualm"/>
    <property name="user.language" value="es"/>
    <property name="java.specification.vendor" value="Oracle Corporation"/>
    <property name="java.version.date" value="2023-01-17"/>
    <property name="java.home" value="C:\Users\jualm\.jdks\openjdk-19.0.2-1"/>
    <property name="file.separator" value="\"/>
    <property name="basedir" value="C:\Users\jualm\Desktop\MARTINUCCI_LUISINA-MACHADO_JUAN\clinicaOdontologica"/>
    <property name="java.vm.compressedOopsMode" value="32-bit"/>
    <property name="line.separator" value="&#10;"/>
    <property name="java.vm.specification.vendor" value="Oracle Corporation"/>
    <property name="java.specification.name" value="Java Platform API Specification"/>
    <property name="FILE_LOG_CHARSET" value="UTF-8"/>
    <property name="java.awt.headless" value="true"/>
    <property name="surefire.real.class.path" value="C:\Users\jualm\AppData\Local\Temp\surefire1759490922245170799\surefirebooter90345647959985735.jar"/>
    <property name="user.script" value=""/>
    <property name="sun.management.compiler" value="HotSpot 64-Bit Tiered Compilers"/>
    <property name="java.runtime.version" value="19.0.2+7-44"/>
    <property name="user.name" value="jualm"/>
    <property name="stdout.encoding" value="Cp1252"/>
    <property name="path.separator" value=";"/>
    <property name="os.version" value="10.0"/>
    <property name="java.runtime.name" value="OpenJDK Runtime Environment"/>
    <property name="file.encoding" value="UTF-8"/>
    <property name="spring.beaninfo.ignore" value="true"/>
    <property name="java.vm.name" value="OpenJDK 64-Bit Server VM"/>
    <property name="localRepository" value="C:\Users\jualm\.m2\repository"/>
    <property name="java.vendor.url.bug" value="https://bugreport.java.com/bugreport/"/>
    <property name="java.io.tmpdir" value="C:\Users\jualm\AppData\Local\Temp\"/>
    <property name="idea.version" value="2022.3.2"/>
    <property name="com.zaxxer.hikari.pool_number" value="2"/>
    <property name="java.version" value="19.0.2"/>
    <property name="user.dir" value="C:\Users\jualm\Desktop\MARTINUCCI_LUISINA-MACHADO_JUAN\clinicaOdontologica"/>
    <property name="os.arch" value="amd64"/>
    <property name="java.vm.specification.name" value="Java Virtual Machine Specification"/>
    <property name="PID" value="13920"/>
    <property name="sun.os.patch.level" value=""/>
    <property name="CONSOLE_LOG_CHARSET" value="UTF-8"/>
    <property name="native.encoding" value="Cp1252"/>
    <property name="java.library.path" value="C:\Users\jualm\.jdks\openjdk-19.0.2-1\bin;C:\WINDOWS\Sun\Java\bin;C:\WINDOWS\system32;C:\WINDOWS;C:\Program Files\Common Files\Oracle\Java\javapath;C:\WINDOWS\system32;C:\WINDOWS;C:\WINDOWS\System32\Wbem;C:\WINDOWS\System32\WindowsPowerShell\v1.0\;C:\WINDOWS\System32\OpenSSH\;C:\Program Files\Git\cmd;C:\Program Files\nodejs\;C:\Program Files\PuTTY\;C:\HashiCorp\Vagrant\bin;C:\Program Files (x86)\PowerShell\7\;C:\Program Files\Docker\Docker\resources\bin;C:\Users\jualm\AppData\Local\Microsoft\WindowsApps;;C:\Users\jualm\AppData\Local\Programs\Microsoft VS Code\bin;C:\Users\jualm\AppData\Roaming\npm;."/>
    <property name="java.vm.info" value="mixed mode, sharing"/>
    <property name="stderr.encoding" value="Cp1252"/>
    <property name="java.vendor" value="Oracle Corporation"/>
    <property name="java.vm.version" value="19.0.2+7-44"/>
    <property name="sun.io.unicode.encoding" value="UnicodeLittle"/>
    <property name="java.class.version" value="63.0"/>
    <property name="CONSOLE_LOG_PATTERN" value="%d{yyyy-MM-dd HH:mm:ss} [%highlight(%-5level)] [%cyan(%thread)] %magenta(%logger{15}) - %msg%n"/>
  </properties>
  <testcase name="deberiaCrearUnOdontologoConNombreLuciana" classname="com.digitalhouse.backend.integrador.clinicaOdontologica.OdontologoServiceTest" time="0.187">
    <system-out><![CDATA[2023-09-14 19:23:56 [&amp#27;[34mINFO &amp#27;[0;39m] [&amp#27;[36mmain&amp#27;[0;39m] &amp#27;[35mo.s.b.t.c.SpringBootTestContextBootstrapper&amp#27;[0;39m - Neither @ContextConfiguration nor @ContextHierarchy found for test class [com.digitalhouse.backend.integrador.clinicaOdontologica.OdontologoServiceTest], using SpringBootContextLoader
2023-09-14 19:23:56 [&amp#27;[34mINFO &amp#27;[0;39m] [&amp#27;[36mmain&amp#27;[0;39m] &amp#27;[35mo.s.t.c.s.AbstractContextLoader&amp#27;[0;39m - Could not detect default resource locations for test class [com.digitalhouse.backend.integrador.clinicaOdontologica.OdontologoServiceTest]: no resource found for suffixes {-context.xml, Context.groovy}.
2023-09-14 19:23:56 [&amp#27;[34mINFO &amp#27;[0;39m] [&amp#27;[36mmain&amp#27;[0;39m] &amp#27;[35mo.s.t.c.s.AnnotationConfigContextLoaderUtils&amp#27;[0;39m - Could not detect default configuration classes for test class [com.digitalhouse.backend.integrador.clinicaOdontologica.OdontologoServiceTest]: OdontologoServiceTest does not declare any static, non-private, non-final, nested classes annotated with @Configuration.
2023-09-14 19:23:56 [&amp#27;[34mINFO &amp#27;[0;39m] [&amp#27;[36mmain&amp#27;[0;39m] &amp#27;[35mo.s.b.t.c.SpringBootTestContextBootstrapper&amp#27;[0;39m - Found @SpringBootConfiguration com.digitalhouse.backend.integrador.clinicaOdontologica.ClinicaOdontologicaApplication for test class com.digitalhouse.backend.integrador.clinicaOdontologica.OdontologoServiceTest
2023-09-14 19:23:56 [&amp#27;[34mINFO &amp#27;[0;39m] [&amp#27;[36mmain&amp#27;[0;39m] &amp#27;[35mo.s.b.t.c.SpringBootTestContextBootstrapper&amp#27;[0;39m - Loaded default TestExecutionListener class names from location [META-INF/spring.factories]: [org.springframework.boot.test.mock.mockito.MockitoTestExecutionListener, org.springframework.boot.test.mock.mockito.ResetMocksTestExecutionListener, org.springframework.boot.test.autoconfigure.restdocs.RestDocsTestExecutionListener, org.springframework.boot.test.autoconfigure.web.client.MockRestServiceServerResetTestExecutionListener, org.springframework.boot.test.autoconfigure.web.servlet.MockMvcPrintOnlyOnFailureTestExecutionListener, org.springframework.boot.test.autoconfigure.web.servlet.WebDriverTestExecutionListener, org.springframework.boot.test.autoconfigure.webservices.client.MockWebServiceServerTestExecutionListener, org.springframework.test.context.web.ServletTestExecutionListener, org.springframework.test.context.support.DirtiesContextBeforeModesTestExecutionListener, org.springframework.test.context.event.ApplicationEventsTestExecutionListener, org.springframework.test.context.support.DependencyInjectionTestExecutionListener, org.springframework.test.context.support.DirtiesContextTestExecutionListener, org.springframework.test.context.transaction.TransactionalTestExecutionListener, org.springframework.test.context.jdbc.SqlScriptsTestExecutionListener, org.springframework.test.context.event.EventPublishingTestExecutionListener]
2023-09-14 19:23:56 [&amp#27;[34mINFO &amp#27;[0;39m] [&amp#27;[36mmain&amp#27;[0;39m] &amp#27;[35mo.s.b.t.c.SpringBootTestContextBootstrapper&amp#27;[0;39m - Using TestExecutionListeners: [org.springframework.test.context.web.ServletTestExecutionListener@26398f67, org.springframework.test.context.support.DirtiesContextBeforeModesTestExecutionListener@64ff0eaa, org.springframework.test.context.event.ApplicationEventsTestExecutionListener@401b7226, org.springframework.boot.test.mock.mockito.MockitoTestExecutionListener@1b62ad1e, org.springframework.boot.test.autoconfigure.SpringBootDependencyInjectionTestExecutionListener@714a4ba2, org.springframework.test.context.support.DirtiesContextTestExecutionListener@6ddc817f, org.springframework.test.context.transaction.TransactionalTestExecutionListener@764d54a0, org.springframework.test.context.jdbc.SqlScriptsTestExecutionListener@78c91d2a, org.springframework.test.context.event.EventPublishingTestExecutionListener@5b7d5eca, org.springframework.boot.test.mock.mockito.ResetMocksTestExecutionListener@52a3eba3, org.springframework.boot.test.autoconfigure.restdocs.RestDocsTestExecutionListener@4ed74d03, org.springframework.boot.test.autoconfigure.web.client.MockRestServiceServerResetTestExecutionListener@7ec729be, org.springframework.boot.test.autoconfigure.web.servlet.MockMvcPrintOnlyOnFailureTestExecutionListener@4f7da3a2, org.springframework.boot.test.autoconfigure.web.servlet.WebDriverTestExecutionListener@24ea71d, org.springframework.boot.test.autoconfigure.webservices.client.MockWebServiceServerTestExecutionListener@76055d02]
  ______   __      _             _____      _                       _   __        _
 / _____)_/_/     (_)           / ___ \    | |            _        | | /_/       (_)
| /     | |_ ____  _  ____ ____| |   | | _ | | ___  ____ | |_  ___ | | ___   ____ _  ____ ____
| |     | | |  _ \| |/ ___) _  | |   | |/ || |/ _ \|  _ \|  _)/ _ \| |/ _ \ / _  | |/ ___) _  |
| \_____| | | | | | ( (__( ( | | |___| ( (_| | |_| | | | | |_| |_| | | |_| ( ( | | ( (__( ( | |
 \______)_|_|_| |_|_|\____)_||_|\_____/ \____|\___/|_| |_|\___)___/|_|\___/ \_|| |_|\____)_||_|
                                                                           (_____|
  __  __            _               _                  __  __            _   _                      _
 |  \/  |          | |             | |         ___    |  \/  |          | | (_)                    (_)
 | \  / | __ _  ___| |__   __ _  __| | ___    ( _ )   | \  / | __ _ _ __| |_ _ _ __  _   _  ___ ___ _
 | |\/| |/ _` |/ __| '_ \ / _` |/ _` |/ _ \   / _ \/\ | |\/| |/ _` | '__| __| | '_ \| | | |/ __/ __| |
 | |  | | (_| | (__| | | | (_| | (_| | (_) | | (_>  < | |  | | (_| | |  | |_| | | | | |_| | (_| (__| |
 |_|  |_|\__,_|\___|_| |_|\__,_|\__,_|\___/   \___/\/ |_|  |_|\__,_|_|   \__|_|_| |_|\__,_|\___\___|_|
                    _               _          ___                       _   _                      _
   /\/\   __ _  ___| |__   __ _  __| | ___    ( _ )     /\/\   __ _ _ __| |_(_)_ __  _   _  ___ ___(_)
  /    \ / _` |/ __| '_ \ / _` |/ _` |/ _ \   / _ \/\  /    \ / _` | '__| __| | '_ \| | | |/ __/ __| |
 / /\/\ \ (_| | (__| | | | (_| | (_| | (_) | | (_>  < / /\/\ \ (_| | |  | |_| | | | | |_| | (_| (__| |
 \/    \/\__,_|\___|_| |_|\__,_|\__,_|\___/   \___/\/ \/    \/\__,_|_|   \__|_|_| |_|\__,_|\___\___|_|

 ______              _               _           ___      ______                   _                        _
|  ___ \            | |             | |         / _ \    |  ___ \             _   (_)                      (_)
| | _ | | ____  ____| | _   ____  _ | | ___    ( (_) )   | | _ | | ____  ____| |_  _ ____  _   _  ____ ____ _
| || || |/ _  |/ ___) || \ / _  |/ || |/ _ \    ) _ (    | || || |/ _  |/ ___)  _)| |  _ \| | | |/ ___) ___) |
| || || ( ( | ( (___| | | ( ( | ( (_| | |_| |  ( (/  \   | || || ( ( | | |   | |__| | | | | |_| ( (__( (___| |
|_||_||_|\_||_|\____)_| |_|\_||_|\____|\___/    \__/\_)  |_||_||_|\_||_|_|    \___)_|_| |_|\____|\____)____)_|

______  ___            ______        _________           ______        ______  ___             __________                          _____
___   |/  /_____ _________  /_______ ______  /_____      __( _ )       ___   |/  /_____ _________  /___(_)__________  ________________(_)
__  /|_/ /_  __ `/  ___/_  __ \  __ `/  __  /_  __ \     _  __ \/|     __  /|_/ /_  __ `/_  ___/  __/_  /__  __ \  / / /  ___/  ___/_  /
_  /  / / / /_/ // /__ _  / / / /_/ // /_/ / / /_/ /     / /_/  <      _  /  / / / /_/ /_  /   / /_ _  / _  / / / /_/ // /__ / /__ _  /
/_/  /_/  \__,_/ \___/ /_/ /_/\__,_/ \__,_/  \____/      \____/\/      /_/  /_/  \__,_/ /_/    \__/ /_/  /_/ /_/\__,_/ \___/ \___/ /_/

                      _                 _            _____                         _
 /'\_/`\             ( )               ( )          (  _  )     /'\_/`\           ( )_ _                            _
 |     |   _ _    ___| |__     _ _    _| |   _      `\  ,/'     |     |   _ _ _ __| ,_|_) ___   _   _    ___    ___(_)
 | (_) | /'_` ) /'___)  _ `\ /'_` ) /'_` | /'_`\     /'_`\/\    | (_) | /'_` | '__) | | /' _ `\( ) ( ) /'___) /'___) |
 | | | |( (_| |( (___| | | |( (_| |( (_| |( (_) )   | (_> ,<`   | | | |( (_| | |  | |_| | ( ) || (_) |( (___ ( (___| |
 (_) (_)`\__,_)`\____|_) (_)`\__,_)`\__,_)`\___/'   `\___/\/'   (_) (_)`\__,_|_)  `\__|_|_) (_)`\___/'`\____)`\____|_)

 |\   _ \  _   \|\   __  \|\   ____\|\  \|\  \|\   __  \|\   ___ \|\   __  \        |\   __  \           |\   _ \  _   \|\   __  \|\   __  \|\___   ___\\  \|\   ___  \|\  \|\  \|\   ____\|\   ____\|\  \
 \ \  \\\__\ \  \ \  \|\  \ \  \___|\ \  \\\  \ \  \|\  \ \  \_|\ \ \  \|\  \       \ \  \|\  \  /\      \ \  \\\__\ \  \ \  \|\  \ \  \|\  \|___ \  \_\ \  \ \  \\ \  \ \  \\\  \ \  \___|\ \  \___|\ \  \
  \ \  \\|__| \  \ \   __  \ \  \    \ \   __  \ \   __  \ \  \ \\ \ \  \\\  \       \ \__     \/  \      \ \  \\|__| \  \ \   __  \ \   _  _\   \ \  \ \ \  \ \  \\ \  \ \  \\\  \ \  \    \ \  \    \ \  \
   \ \  \    \ \  \ \  \ \  \ \  \____\ \  \ \  \ \  \ \  \ \  \_\\ \ \  \\\  \       \|_/  __     /|      \ \  \    \ \  \ \  \ \  \ \  \\  \|   \ \  \ \ \  \ \  \\ \  \ \  \\\  \ \  \____\ \  \____\ \  \
    \ \__\    \ \__\ \__\ \__\ \_______\ \__\ \__\ \__\ \__\ \_______\ \_______\        /  /_|\   / /       \ \__\    \ \__\ \__\ \__\ \__\\ _\    \ \__\ \ \__\ \__\\ \__\ \_______\ \_______\ \_______\ \__\
     \|__|     \|__|\|__|\|__|\|_______|\|__|\|__|\|__|\|__|\|_______|\|_______|       /_______   \/         \|__|     \|__|\|__|\|__|\|__|\|__|    \|__|  \|__|\|__| \|__|\|_______|\|_______|\|_______|\|__|
                                                                                       |_______|\__\

 ____    ____               __                   __            ___        ____    ____               _    _                                 _
|_   \  /   _|             [  |                 |  ]         .' _ '.     |_   \  /   _|             / |_ (_)                               (_)
  |   \/   |  ,--.   .---.  | |--.  ,--.    .--.| |  .--.    | (_) '___    |   \/   |  ,--.  _ .--.`| |-'__  _ .--.  __   _   .---. .---.  __
  | |\  /| | `'_\ : / /'`\] | .-. |`'_\ : / /'`\' |/ .'`\ \  .`___'/ _/    | |\  /| | `'_\ :[ `/'`\]| | [  |[ `.-. |[  | | | / /'`\] /'`\][  |
 _| |_\/_| |_// | |,| \__.  | | | |// | |,| \__/  || \__. | | (___)  \_   _| |_\/_| |_// | |,| |    | |, | | | | | | | \_/ |,| \__.| \__.  | |
|_____||_____\'-;__/'.___.'[___]|__]'-;__/ '.__.;__]'.__.'  `._____.\__| |_____||_____\'-;__[___]   \__/[___|___||__]'.__.'_/'.___.'.___.'[___]                                                                                                \|__|

.___  ___.      ___       ______  __    __       ___       _______   ______                .___  ___.      ___      .______     .___________. __  .__   __.  __    __    ______   ______  __
|   \/   |     /   \     /      ||  |  |  |     /   \     |       \ /  __  \      ___      |   \/   |     /   \     |   _  \    |           ||  | |  \ |  | |  |  |  |  /      | /      ||  |
|  \  /  |    /  ^  \   |  ,----'|  |__|  |    /  ^  \    |  .--.  |  |  |  |    ( _ )     |  \  /  |    /  ^  \    |  |_)  |   `---|  |----`|  | |   \|  | |  |  |  | |  ,----'|  ,----'|  |
|  |\/|  |   /  /_\  \  |  |     |   __   |   /  /_\  \   |  |  |  |  |  |  |    / _ \/\   |  |\/|  |   /  /_\  \   |      /        |  |     |  | |  . `  | |  |  |  | |  |     |  |     |  |
|  |  |  |  /  _____  \ |  `----.|  |  |  |  /  _____  \  |  '--'  |  `--'  |   | (_>  <   |  |  |  |  /  _____  \  |  |\  \----.   |  |     |  | |  |\   | |  `--'  | |  `----.|  `----.|  |
|__|  |__| /__/     \__\ \______||__|  |__| /__/     \__\ |_______/ \______/     \___/\/   |__|  |__| /__/     \__\ | _| `._____|   |__|     |__| |__| \__|  \______/   \______| \______||__|

  __  __            _               _          ___     __  __            _   _                      _
 |  \/  | __ _  ___| |__   __ _  __| | ___    ( _ )   |  \/  | __ _ _ __| |_(_)_ __  _   _  ___ ___(_)
 | |\/| |/ _` |/ __| '_ \ / _` |/ _` |/ _ \   / _ \/\ | |\/| |/ _` | '__| __| | '_ \| | | |/ __/ __| |
 | |  | | (_| | (__| | | | (_| | (_| | (_) | | (_>  < | |  | | (_| | |  | |_| | | | | |_| | (_| (__| |
 |_|  |_|\__,_|\___|_| |_|\__,_|\__,_|\___/   \___/\/ |_|  |_|\__,_|_|   \__|_|_| |_|\__,_|\___\___|_|

 __       __                      __                        __                   ___            __       __                      __      __                                          __
|  \     /  \                    |  \                      |  \                 /   \          |  \     /  \                    |  \    |  \                                        |  \
| $$\   /  $$  ______    _______ | $$____    ______    ____| $$  ______        |  $$$\         | $$\   /  $$  ______    ______ _| $$_    \$$ _______   __    __   _______   _______  \$$
| $$$\ /  $$$ |      \  /       \| $$    \  |      \  /      $$ /      \        \$$ $$__       | $$$\ /  $$$ |      \  /      \   $$ \  |  \|       \ |  \  |  \ /       \ /       \|  \
| $$$$\  $$$$  \$$$$$$\|  $$$$$$$| $$$$$$$\  \$$$$$$\|  $$$$$$$|  $$$$$$\      | \$$$/  \      | $$$$\  $$$$  \$$$$$$\|  $$$$$$\$$$$$$  | $$| $$$$$$$\| $$  | $$|  $$$$$$$|  $$$$$$$| $$
| $$\$$ $$ $$ /      $$| $$      | $$  | $$ /      $$| $$  | $$| $$  | $$      | $$\$$ $$      | $$\$$ $$ $$ /      $$| $$   \$$| $$ __ | $$| $$  | $$| $$  | $$| $$      | $$      | $$
| $$ \$$$| $$|  $$$$$$$| $$_____ | $$  | $$|  $$$$$$$| $$__| $$| $$__/ $$      | $$_\$$\       | $$ \$$$| $$|  $$$$$$$| $$      | $$|  \| $$| $$  | $$| $$__/ $$| $$_____ | $$_____ | $$
| $$  \$ | $$ \$$    $$ \$$     \| $$  | $$ \$$    $$ \$$    $$ \$$    $$       \$$  \$$\      | $$  \$ | $$ \$$    $$| $$       \$$  $$| $$| $$  | $$ \$$    $$ \$$     \ \$$     \| $$
 \$$      \$$  \$$$$$$$  \$$$$$$$ \$$   \$$  \$$$$$$$  \$$$$$$$  \$$$$$$         \$$$$ $$       \$$      \$$  \$$$$$$$ \$$        \$$$$  \$$ \$$   \$$  \$$$$$$   \$$$$$$$  \$$$$$$$ \$$


 Powered by Spring Boot 2.7.14


2023-09-14 19:23:56 [&amp#27;[34mINFO &amp#27;[0;39m] [&amp#27;[36mmain&amp#27;[0;39m] &amp#27;[35mc.d.b.i.c.OdontologoServiceTest&amp#27;[0;39m - Starting OdontologoServiceTest using Java 19.0.2 on Juan with PID 13920 (started by jualm in C:\Users\jualm\Desktop\MARTINUCCI_LUISINA-MACHADO_JUAN\clinicaOdontologica)
2023-09-14 19:23:56 [&amp#27;[34mINFO &amp#27;[0;39m] [&amp#27;[36mmain&amp#27;[0;39m] &amp#27;[35mc.d.b.i.c.OdontologoServiceTest&amp#27;[0;39m - No active profile set, falling back to 1 default profile: "default"
2023-09-14 19:23:57 [&amp#27;[34mINFO &amp#27;[0;39m] [&amp#27;[36mmain&amp#27;[0;39m] &amp#27;[35mo.s.d.r.c.RepositoryConfigurationDelegate&amp#27;[0;39m - Bootstrapping Spring Data JPA repositories in DEFAULT mode.
2023-09-14 19:23:57 [&amp#27;[34mINFO &amp#27;[0;39m] [&amp#27;[36mmain&amp#27;[0;39m] &amp#27;[35mo.s.d.r.c.RepositoryConfigurationDelegate&amp#27;[0;39m - Finished Spring Data repository scanning in 36 ms. Found 3 JPA repository interfaces.
2023-09-14 19:23:57 [&amp#27;[34mINFO &amp#27;[0;39m] [&amp#27;[36mmain&amp#27;[0;39m] &amp#27;[35mc.z.h.HikariDataSource&amp#27;[0;39m - HikariPool-2 - Starting...
2023-09-14 19:23:57 [&amp#27;[34mINFO &amp#27;[0;39m] [&amp#27;[36mmain&amp#27;[0;39m] &amp#27;[35mc.z.h.HikariDataSource&amp#27;[0;39m - HikariPool-2 - Start completed.
2023-09-14 19:23:57 [&amp#27;[34mINFO &amp#27;[0;39m] [&amp#27;[36mmain&amp#27;[0;39m] &amp#27;[35mo.s.o.j.LocalContainerEntityManagerFactoryBean&amp#27;[0;39m - Initialized JPA EntityManagerFactory for persistence unit 'default'
2023-09-14 19:23:58 [&amp#27;[31mWARN &amp#27;[0;39m] [&amp#27;[36mmain&amp#27;[0;39m] &amp#27;[35mo.s.b.a.o.j.JpaBaseConfiguration$JpaWebConfiguration&amp#27;[0;39m - spring.jpa.open-in-view is enabled by default. Therefore, database queries may be performed during view rendering. Explicitly configure spring.jpa.open-in-view to disable this warning
2023-09-14 19:23:58 [&amp#27;[34mINFO &amp#27;[0;39m] [&amp#27;[36mmain&amp#27;[0;39m] &amp#27;[35mo.s.b.a.h.H2ConsoleAutoConfiguration&amp#27;[0;39m - H2 console available at '/h2-console'. Database available at 'jdbc:h2:~/clinicaOdontologicaTest'
2023-09-14 19:23:59 [&amp#27;[34mINFO &amp#27;[0;39m] [&amp#27;[36mmain&amp#27;[0;39m] &amp#27;[35mc.d.b.i.c.OdontologoServiceTest&amp#27;[0;39m - Started OdontologoServiceTest in 2.179 seconds (JVM running for 14.624)
2023-09-14 19:23:59 [&amp#27;[34mINFO &amp#27;[0;39m] [&amp#27;[36mmain&amp#27;[0;39m] &amp#27;[35mc.d.b.i.c.s.i.OdontologoService&amp#27;[0;39m - Se ha creado un nuevo Odontologo : OdontologoSalidaDto{id=1, numeroMatricula='AA-123456789', nombreOdontologo='Luciana', apellidoOdontologo='Murga'}
]]></system-out>
  </testcase>
  <testcase name="deberiaRetornarseUnaListaConTresOdontologos" classname="com.digitalhouse.backend.integrador.clinicaOdontologica.OdontologoServiceTest" time="0.258">
    <system-out><![CDATA[2023-09-14 19:23:59 [&amp#27;[34mINFO &amp#27;[0;39m] [&amp#27;[36mmain&amp#27;[0;39m] &amp#27;[35mc.d.b.i.c.s.i.OdontologoService&amp#27;[0;39m - Se ha creado un nuevo Odontologo : OdontologoSalidaDto{id=2, numeroMatricula='AD-154236781', nombreOdontologo='luisina', apellidoOdontologo='martinucci'}
2023-09-14 19:23:59 [&amp#27;[34mINFO &amp#27;[0;39m] [&amp#27;[36mmain&amp#27;[0;39m] &amp#27;[35mc.d.b.i.c.s.i.OdontologoService&amp#27;[0;39m - Se ha creado un nuevo Odontologo : OdontologoSalidaDto{id=3, numeroMatricula='AD-154236782', nombreOdontologo='Juan', apellidoOdontologo='Machado'}
2023-09-14 19:23:59 [&amp#27;[34mINFO &amp#27;[0;39m] [&amp#27;[36mmain&amp#27;[0;39m] &amp#27;[35mc.d.b.i.c.s.i.OdontologoService&amp#27;[0;39m - lista de todos los odontologos disponibles :[OdontologoSalidaDto{id=1, numeroMatricula='AA-123456789', nombreOdontologo='Luciana', apellidoOdontologo='Murga'}, OdontologoSalidaDto{id=2, numeroMatricula='AD-154236781', nombreOdontologo='luisina', apellidoOdontologo='martinucci'}, OdontologoSalidaDto{id=3, numeroMatricula='AD-154236782', nombreOdontologo='Juan', apellidoOdontologo='Machado'}]
]]></system-out>
  </testcase>
  <testcase name="alQuererEliminarElOdontologConId2_DeberiaArrojarResourceNotFound" classname="com.digitalhouse.backend.integrador.clinicaOdontologica.OdontologoServiceTest" time="0.049">
    <system-out><![CDATA[2023-09-14 19:23:59 [&amp#27;[34mINFO &amp#27;[0;39m] [&amp#27;[36mmain&amp#27;[0;39m] &amp#27;[35mc.d.b.i.c.s.i.OdontologoService&amp#27;[0;39m - Se ha encontrado el Odontologo: OdontologoSalidaDto{id=2, numeroMatricula='AD-154236781', nombreOdontologo='luisina', apellidoOdontologo='martinucci'}
2023-09-14 19:23:59 [&amp#27;[31mWARN &amp#27;[0;39m] [&amp#27;[36mmain&amp#27;[0;39m] &amp#27;[35mc.d.b.i.c.s.i.OdontologoService&amp#27;[0;39m - Se ha eliminado el Odontologo con el id: 2
2023-09-14 19:23:59 [&amp#27;[1;31mERROR&amp#27;[0;39m] [&amp#27;[36mmain&amp#27;[0;39m] &amp#27;[35mc.d.b.i.c.s.i.OdontologoService&amp#27;[0;39m - No se ha encontrado un Odontologo en la BDD con ese id
2023-09-14 19:23:59 [&amp#27;[1;31mERROR&amp#27;[0;39m] [&amp#27;[36mmain&amp#27;[0;39m] &amp#27;[35mc.d.b.i.c.s.i.OdontologoService&amp#27;[0;39m - No se ha encontrado un Odontologo en la BDD con el id: 2
]]></system-out>
  </testcase>
</testsuite>